2026-03-10 15:30:34 [info] ════════════════════════════════════
2026-03-10 15:30:34 [info]   🛒  Mercado Livre Promo Bot v1.0  
2026-03-10 15:30:34 [info]   📲  Canal: Telegram               
2026-03-10 15:30:34 [info] ════════════════════════════════════
2026-03-10 15:30:35 [error] AxiosError: Request failed with status code 400
    at settle (file:///E:/Dev/bot-screaping-mercadolivre/node_modules/axios/lib/core/settle.js:20:7)
    at Unzip.handleStreamEnd (file:///E:/Dev/bot-screaping-mercadolivre/node_modules/axios/lib/adapters/http.js:844:13)
    at Unzip.emit (node:events:508:28)
    at endReadableNT (node:internal/streams/readable:1701:12)
    at process.processTicksAndRejections (node:internal/process/task_queues:90:21)
    at Axios.request (file:///E:/Dev/bot-screaping-mercadolivre/node_modules/axios/lib/core/Axios.js:46:41)
    at process.processTicksAndRejections (node:internal/process/task_queues:105:5)
    at async TokenManager.exchangeCode (E:\Dev\bot-screaping-mercadolivre\src\api\tokenManager.ts:39:22)
    at async main (E:\Dev\bot-screaping-mercadolivre\src\main.ts:11:3)
2026-03-10 15:38:11 [info] ════════════════════════════════════
2026-03-10 15:38:11 [info]   🛒  Mercado Livre Promo Bot v1.0  
2026-03-10 15:38:11 [info]   📲  Canal: Telegram               
2026-03-10 15:38:11 [info] ════════════════════════════════════
2026-03-10 15:38:11 [error] AxiosError: Request failed with status code 400
    at settle (file:///E:/Dev/bot-screaping-mercadolivre/node_modules/axios/lib/core/settle.js:20:7)
    at Unzip.handleStreamEnd (file:///E:/Dev/bot-screaping-mercadolivre/node_modules/axios/lib/adapters/http.js:844:13)
    at Unzip.emit (node:events:508:28)
    at endReadableNT (node:internal/streams/readable:1701:12)
    at process.processTicksAndRejections (node:internal/process/task_queues:90:21)
    at Axios.request (file:///E:/Dev/bot-screaping-mercadolivre/node_modules/axios/lib/core/Axios.js:46:41)
    at process.processTicksAndRejections (node:internal/process/task_queues:105:5)
    at async TokenManager.exchangeCode (E:\Dev\bot-screaping-mercadolivre\src\api\tokenManager.ts:39:22)
    at async main (E:\Dev\bot-screaping-mercadolivre\src\main.ts:11:3)
2026-03-10 15:41:07 [info] ════════════════════════════════════
2026-03-10 15:41:07 [info]   🛒  Mercado Livre Promo Bot v1.0  
2026-03-10 15:41:07 [info]   📲  Canal: Telegram               
2026-03-10 15:41:07 [info] ════════════════════════════════════
2026-03-10 15:41:07 [error] AxiosError: Request failed with status code 400
    at settle (file:///E:/Dev/bot-screaping-mercadolivre/node_modules/axios/lib/core/settle.js:20:7)
    at Unzip.handleStreamEnd (file:///E:/Dev/bot-screaping-mercadolivre/node_modules/axios/lib/adapters/http.js:844:13)
    at Unzip.emit (node:events:508:28)
    at endReadableNT (node:internal/streams/readable:1701:12)
    at process.processTicksAndRejections (node:internal/process/task_queues:90:21)
    at Axios.request (file:///E:/Dev/bot-screaping-mercadolivre/node_modules/axios/lib/core/Axios.js:46:41)
    at process.processTicksAndRejections (node:internal/process/task_queues:105:5)
    at async TokenManager.exchangeCode (E:\Dev\bot-screaping-mercadolivre\src\api\tokenManager.ts:39:22)
    at async main (E:\Dev\bot-screaping-mercadolivre\src\main.ts:11:3)
2026-03-10 15:42:27 [info] ════════════════════════════════════
2026-03-10 15:42:27 [info]   🛒  Mercado Livre Promo Bot v1.0  
2026-03-10 15:42:27 [info]   📲  Canal: Telegram               
2026-03-10 15:42:27 [info] ════════════════════════════════════
2026-03-10 15:42:27 [error] AxiosError: Request failed with status code 400
    at settle (file:///E:/Dev/bot-screaping-mercadolivre/node_modules/axios/lib/core/settle.js:20:7)
    at Unzip.handleStreamEnd (file:///E:/Dev/bot-screaping-mercadolivre/node_modules/axios/lib/adapters/http.js:844:13)
    at Unzip.emit (node:events:508:28)
    at endReadableNT (node:internal/streams/readable:1701:12)
    at process.processTicksAndRejections (node:internal/process/task_queues:90:21)
    at Axios.request (file:///E:/Dev/bot-screaping-mercadolivre/node_modules/axios/lib/core/Axios.js:46:41)
    at process.processTicksAndRejections (node:internal/process/task_queues:105:5)
    at async TokenManager.exchangeCode (E:\Dev\bot-screaping-mercadolivre\src\api\tokenManager.ts:39:22)
    at async main (E:\Dev\bot-screaping-mercadolivre\src\main.ts:11:3)
2026-03-10 15:54:18 [info] ════════════════════════════════════
2026-03-10 15:54:18 [info]   🛒  Mercado Livre Promo Bot v1.0  
2026-03-10 15:54:18 [info]   📲  Canal: Telegram               
2026-03-10 15:54:18 [info] ════════════════════════════════════
2026-03-10 15:54:19 [info] ✅ Tokens ML obtidos via authorization_code. Salve no .env:
2026-03-10 15:56:00 [info] ════════════════════════════════════
2026-03-10 15:56:00 [info]   🛒  Mercado Livre Promo Bot v1.0  
2026-03-10 15:56:00 [info]   📲  Canal: Telegram               
2026-03-10 15:56:00 [info] ════════════════════════════════════
2026-03-10 15:56:00 [error] AxiosError: Request failed with status code 400
    at settle (file:///E:/Dev/bot-screaping-mercadolivre/node_modules/axios/lib/core/settle.js:20:7)
    at Unzip.handleStreamEnd (file:///E:/Dev/bot-screaping-mercadolivre/node_modules/axios/lib/adapters/http.js:844:13)
    at Unzip.emit (node:events:508:28)
    at endReadableNT (node:internal/streams/readable:1701:12)
    at process.processTicksAndRejections (node:internal/process/task_queues:90:21)
    at Axios.request (file:///E:/Dev/bot-screaping-mercadolivre/node_modules/axios/lib/core/Axios.js:46:41)
    at process.processTicksAndRejections (node:internal/process/task_queues:105:5)
    at async TokenManager.exchangeCode (E:\Dev\bot-screaping-mercadolivre\src\api\tokenManager.ts:39:22)
    at async main (E:\Dev\bot-screaping-mercadolivre\src\main.ts:11:3)
2026-03-10 15:56:27 [info] ════════════════════════════════════
2026-03-10 15:56:27 [info]   🛒  Mercado Livre Promo Bot v1.0  
2026-03-10 15:56:27 [info]   📲  Canal: Telegram               
2026-03-10 15:56:27 [info] ════════════════════════════════════
2026-03-10 15:56:28 [error] AxiosError: Request failed with status code 400
    at settle (file:///E:/Dev/bot-screaping-mercadolivre/node_modules/axios/lib/core/settle.js:20:7)
    at Unzip.handleStreamEnd (file:///E:/Dev/bot-screaping-mercadolivre/node_modules/axios/lib/adapters/http.js:844:13)
    at Unzip.emit (node:events:508:28)
    at endReadableNT (node:internal/streams/readable:1701:12)
    at process.processTicksAndRejections (node:internal/process/task_queues:90:21)
    at Axios.request (file:///E:/Dev/bot-screaping-mercadolivre/node_modules/axios/lib/core/Axios.js:46:41)
    at process.processTicksAndRejections (node:internal/process/task_queues:105:5)
    at async TokenManager.exchangeCode (E:\Dev\bot-screaping-mercadolivre\src\api\tokenManager.ts:39:22)
    at async main (E:\Dev\bot-screaping-mercadolivre\src\main.ts:11:3)
2026-03-10 15:56:32 [info] ════════════════════════════════════
2026-03-10 15:56:32 [info]   🛒  Mercado Livre Promo Bot v1.0  
2026-03-10 15:56:32 [info]   📲  Canal: Telegram               
2026-03-10 15:56:32 [info] ════════════════════════════════════
2026-03-10 15:56:32 [error] AxiosError: Request failed with status code 400
    at settle (file:///E:/Dev/bot-screaping-mercadolivre/node_modules/axios/lib/core/settle.js:20:7)
    at Unzip.handleStreamEnd (file:///E:/Dev/bot-screaping-mercadolivre/node_modules/axios/lib/adapters/http.js:844:13)
    at Unzip.emit (node:events:508:28)
    at endReadableNT (node:internal/streams/readable:1701:12)
    at process.processTicksAndRejections (node:internal/process/task_queues:90:21)
    at Axios.request (file:///E:/Dev/bot-screaping-mercadolivre/node_modules/axios/lib/core/Axios.js:46:41)
    at process.processTicksAndRejections (node:internal/process/task_queues:105:5)
    at async TokenManager.exchangeCode (E:\Dev\bot-screaping-mercadolivre\src\api\tokenManager.ts:39:22)
    at async main (E:\Dev\bot-screaping-mercadolivre\src\main.ts:11:3)
2026-03-10 15:58:04 [info] ════════════════════════════════════
2026-03-10 15:58:04 [info]   🛒  Mercado Livre Promo Bot v1.0  
2026-03-10 15:58:04 [info]   📲  Canal: Telegram               
2026-03-10 15:58:04 [info] ════════════════════════════════════
2026-03-10 15:58:05 [error] AxiosError: Request failed with status code 400
    at settle (file:///E:/Dev/bot-screaping-mercadolivre/node_modules/axios/lib/core/settle.js:20:7)
    at Unzip.handleStreamEnd (file:///E:/Dev/bot-screaping-mercadolivre/node_modules/axios/lib/adapters/http.js:844:13)
    at Unzip.emit (node:events:508:28)
    at endReadableNT (node:internal/streams/readable:1701:12)
    at process.processTicksAndRejections (node:internal/process/task_queues:90:21)
    at Axios.request (file:///E:/Dev/bot-screaping-mercadolivre/node_modules/axios/lib/core/Axios.js:46:41)
    at process.processTicksAndRejections (node:internal/process/task_queues:105:5)
    at async TokenManager.exchangeCode (E:\Dev\bot-screaping-mercadolivre\src\api\tokenManager.ts:39:22)
    at async main (E:\Dev\bot-screaping-mercadolivre\src\main.ts:11:3)
2026-03-10 15:59:39 [info] ════════════════════════════════════
2026-03-10 15:59:39 [info]   🛒  Mercado Livre Promo Bot v1.0  
2026-03-10 15:59:39 [info]   📲  Canal: Telegram               
2026-03-10 15:59:39 [info] ════════════════════════════════════
2026-03-10 15:59:40 [error] AxiosError: Request failed with status code 400
    at settle (file:///E:/Dev/bot-screaping-mercadolivre/node_modules/axios/lib/core/settle.js:20:7)
    at Unzip.handleStreamEnd (file:///E:/Dev/bot-screaping-mercadolivre/node_modules/axios/lib/adapters/http.js:844:13)
    at Unzip.emit (node:events:508:28)
    at endReadableNT (node:internal/streams/readable:1701:12)
    at process.processTicksAndRejections (node:internal/process/task_queues:90:21)
    at Axios.request (file:///E:/Dev/bot-screaping-mercadolivre/node_modules/axios/lib/core/Axios.js:46:41)
    at process.processTicksAndRejections (node:internal/process/task_queues:105:5)
    at async TokenManager.exchangeCode (E:\Dev\bot-screaping-mercadolivre\src\api\tokenManager.ts:40:22)
    at async main (E:\Dev\bot-screaping-mercadolivre\src\main.ts:11:3)
2026-03-10 16:00:16 [info] ════════════════════════════════════
2026-03-10 16:00:16 [info]   🛒  Mercado Livre Promo Bot v1.0  
2026-03-10 16:00:16 [info]   📲  Canal: Telegram               
2026-03-10 16:00:16 [info] ════════════════════════════════════
2026-03-10 16:00:16 [error] AxiosError: Request failed with status code 400
    at settle (file:///E:/Dev/bot-screaping-mercadolivre/node_modules/axios/lib/core/settle.js:20:7)
    at Unzip.handleStreamEnd (file:///E:/Dev/bot-screaping-mercadolivre/node_modules/axios/lib/adapters/http.js:844:13)
    at Unzip.emit (node:events:508:28)
    at endReadableNT (node:internal/streams/readable:1701:12)
    at process.processTicksAndRejections (node:internal/process/task_queues:90:21)
    at Axios.request (file:///E:/Dev/bot-screaping-mercadolivre/node_modules/axios/lib/core/Axios.js:46:41)
    at process.processTicksAndRejections (node:internal/process/task_queues:105:5)
    at async TokenManager.exchangeCode (E:\Dev\bot-screaping-mercadolivre\src\api\tokenManager.ts:40:22)
    at async main (E:\Dev\bot-screaping-mercadolivre\src\main.ts:11:3)
2026-03-10 16:00:19 [info] ════════════════════════════════════
2026-03-10 16:00:19 [info]   🛒  Mercado Livre Promo Bot v1.0  
2026-03-10 16:00:19 [info]   📲  Canal: Telegram               
2026-03-10 16:00:19 [info] ════════════════════════════════════
2026-03-10 16:00:19 [error] AxiosError: Request failed with status code 400
    at settle (file:///E:/Dev/bot-screaping-mercadolivre/node_modules/axios/lib/core/settle.js:20:7)
    at Unzip.handleStreamEnd (file:///E:/Dev/bot-screaping-mercadolivre/node_modules/axios/lib/adapters/http.js:844:13)
    at Unzip.emit (node:events:508:28)
    at endReadableNT (node:internal/streams/readable:1701:12)
    at process.processTicksAndRejections (node:internal/process/task_queues:90:21)
    at Axios.request (file:///E:/Dev/bot-screaping-mercadolivre/node_modules/axios/lib/core/Axios.js:46:41)
    at process.processTicksAndRejections (node:internal/process/task_queues:105:5)
    at async TokenManager.exchangeCode (E:\Dev\bot-screaping-mercadolivre\src\api\tokenManager.ts:40:22)
    at async main (E:\Dev\bot-screaping-mercadolivre\src\main.ts:11:3)
2026-03-10 16:00:58 [info] ════════════════════════════════════
2026-03-10 16:00:58 [info]   🛒  Mercado Livre Promo Bot v1.0  
2026-03-10 16:00:58 [info]   📲  Canal: Telegram               
2026-03-10 16:00:58 [info] ════════════════════════════════════
2026-03-10 16:00:59 [error] AxiosError: Request failed with status code 400
    at settle (file:///E:/Dev/bot-screaping-mercadolivre/node_modules/axios/lib/core/settle.js:20:7)
    at Unzip.handleStreamEnd (file:///E:/Dev/bot-screaping-mercadolivre/node_modules/axios/lib/adapters/http.js:844:13)
    at Unzip.emit (node:events:508:28)
    at endReadableNT (node:internal/streams/readable:1701:12)
    at process.processTicksAndRejections (node:internal/process/task_queues:90:21)
    at Axios.request (file:///E:/Dev/bot-screaping-mercadolivre/node_modules/axios/lib/core/Axios.js:46:41)
    at process.processTicksAndRejections (node:internal/process/task_queues:105:5)
    at async TokenManager.exchangeCode (E:\Dev\bot-screaping-mercadolivre\src\api\tokenManager.ts:40:22)
    at async main (E:\Dev\bot-screaping-mercadolivre\src\main.ts:11:3)
2026-03-10 16:01:58 [info] ════════════════════════════════════
2026-03-10 16:01:58 [info]   🛒  Mercado Livre Promo Bot v1.0  
2026-03-10 16:01:58 [info]   📲  Canal: Telegram               
2026-03-10 16:01:58 [info] ════════════════════════════════════
2026-03-10 16:01:59 [error] AxiosError: Request failed with status code 400
    at settle (file:///E:/Dev/bot-screaping-mercadolivre/node_modules/axios/lib/core/settle.js:20:7)
    at Unzip.handleStreamEnd (file:///E:/Dev/bot-screaping-mercadolivre/node_modules/axios/lib/adapters/http.js:844:13)
    at Unzip.emit (node:events:508:28)
    at endReadableNT (node:internal/streams/readable:1701:12)
    at process.processTicksAndRejections (node:internal/process/task_queues:90:21)
    at Axios.request (file:///E:/Dev/bot-screaping-mercadolivre/node_modules/axios/lib/core/Axios.js:46:41)
    at process.processTicksAndRejections (node:internal/process/task_queues:105:5)
    at async TokenManager.exchangeCode (E:\Dev\bot-screaping-mercadolivre\src\api\tokenManager.ts:48:20)
    at async main (E:\Dev\bot-screaping-mercadolivre\src\main.ts:11:3)
2026-03-10 16:02:04 [info] ════════════════════════════════════
2026-03-10 16:02:04 [info]   🛒  Mercado Livre Promo Bot v1.0  
2026-03-10 16:02:04 [info]   📲  Canal: Telegram               
2026-03-10 16:02:04 [info] ════════════════════════════════════
2026-03-10 16:02:04 [error] AxiosError: Request failed with status code 400
    at settle (file:///E:/Dev/bot-screaping-mercadolivre/node_modules/axios/lib/core/settle.js:20:7)
    at Unzip.handleStreamEnd (file:///E:/Dev/bot-screaping-mercadolivre/node_modules/axios/lib/adapters/http.js:844:13)
    at Unzip.emit (node:events:508:28)
    at endReadableNT (node:internal/streams/readable:1701:12)
    at process.processTicksAndRejections (node:internal/process/task_queues:90:21)
    at Axios.request (file:///E:/Dev/bot-screaping-mercadolivre/node_modules/axios/lib/core/Axios.js:46:41)
    at process.processTicksAndRejections (node:internal/process/task_queues:105:5)
    at async TokenManager.exchangeCode (E:\Dev\bot-screaping-mercadolivre\src\api\tokenManager.ts:48:20)
    at async main (E:\Dev\bot-screaping-mercadolivre\src\main.ts:11:3)
2026-03-10 16:05:23 [info] ════════════════════════════════════
2026-03-10 16:05:23 [info]   🛒  Mercado Livre Promo Bot v1.0  
2026-03-10 16:05:23 [info]   📲  Canal: Telegram               
2026-03-10 16:05:23 [info] ════════════════════════════════════
2026-03-10 16:05:23 [error] ❌ Erro ao trocar authorization_code:
2026-03-10 16:06:00 [info] ════════════════════════════════════
2026-03-10 16:06:00 [info]   🛒  Mercado Livre Promo Bot v1.0  
2026-03-10 16:06:00 [info]   📲  Canal: Telegram               
2026-03-10 16:06:00 [info] ════════════════════════════════════
2026-03-10 16:06:00 [error] ❌ Erro ao trocar authorization_code:
2026-03-10 16:07:35 [info] ════════════════════════════════════
2026-03-10 16:07:35 [info]   🛒  Mercado Livre Promo Bot v1.0  
2026-03-10 16:07:35 [info]   📲  Canal: Telegram               
2026-03-10 16:07:35 [info] ════════════════════════════════════
2026-03-10 16:07:36 [info] ✅ Tokens ML obtidos via authorization_code.
2026-03-10 16:08:02 [info] ════════════════════════════════════
2026-03-10 16:08:02 [info]   🛒  Mercado Livre Promo Bot v1.0  
2026-03-10 16:08:02 [info]   📲  Canal: Telegram               
2026-03-10 16:08:02 [info] ════════════════════════════════════
2026-03-10 16:08:02 [error] ❌ Erro ao trocar authorization_code:
2026-03-10 16:10:37 [info] ════════════════════════════════════
2026-03-10 16:10:37 [info]   🛒  Mercado Livre Promo Bot v1.0  
2026-03-10 16:10:37 [info]   📲  Canal: Telegram               
2026-03-10 16:10:37 [info] ════════════════════════════════════
2026-03-10 16:10:37 [error] ❌ Erro ao trocar authorization_code:
2026-03-10 16:10:57 [info] ════════════════════════════════════
2026-03-10 16:10:57 [info]   🛒  Mercado Livre Promo Bot v1.0  
2026-03-10 16:10:57 [info]   📲  Canal: Telegram               
2026-03-10 16:10:57 [info] ════════════════════════════════════
2026-03-10 16:10:58 [error] ❌ Erro ao trocar authorization_code:
2026-03-10 16:12:01 [info] ════════════════════════════════════
2026-03-10 16:12:01 [info]   🛒  Mercado Livre Promo Bot v1.0  
2026-03-10 16:12:01 [info]   📲  Canal: Telegram               
2026-03-10 16:12:01 [info] ════════════════════════════════════
2026-03-10 16:12:01 [info] ✅ Tokens ML obtidos via authorization_code.
2026-03-10 16:16:57 [info] ════════════════════════════════════
2026-03-10 16:16:57 [info]   🛒  Mercado Livre Promo Bot v1.0  
2026-03-10 16:16:57 [info]   📲  Canal: Telegram               
2026-03-10 16:16:57 [info] ════════════════════════════════════
2026-03-10 16:16:57 [error] ❌ Erro ao trocar authorization_code:
2026-03-10 16:18:26 [info] ════════════════════════════════════
2026-03-10 16:18:26 [info]   🛒  Mercado Livre Promo Bot v1.0  
2026-03-10 16:18:26 [info]   📲  Canal: Telegram               
2026-03-10 16:18:26 [info] ════════════════════════════════════
2026-03-10 16:18:27 [info] ✅ Tokens ML obtidos via authorization_code.
2026-03-10 16:22:06 [info] ════════════════════════════════════
2026-03-10 16:22:06 [info]   🛒  Mercado Livre Promo Bot v1.0  
2026-03-10 16:22:06 [info]   📲  Canal: Telegram               
2026-03-10 16:22:06 [info] ════════════════════════════════════
2026-03-10 16:22:07 [info] ✅ Tokens ML obtidos via authorization_code.
2026-03-10 16:23:11 [info] ════════════════════════════════════
2026-03-10 16:23:11 [info]   🛒  Mercado Livre Promo Bot v1.0  
2026-03-10 16:23:11 [info]   📲  Canal: Telegram               
2026-03-10 16:23:11 [info] ════════════════════════════════════
2026-03-10 16:23:11 [info] 🚀 ML Promo Bot iniciando...
2026-03-10 16:23:13 [error] Error: getaddrinfo ENOTFOUND base
    at E:\Dev\bot-screaping-mercadolivre\node_modules\pg-pool\index.js:45:11
    at process.processTicksAndRejections (node:internal/process/task_queues:105:5)
    at async DatabaseManager.query (E:\Dev\bot-screaping-mercadolivre\src\database\dbManager.ts:70:20)
    at async DatabaseManager.initialize (E:\Dev\bot-screaping-mercadolivre\src\database\dbManager.ts:31:5)
    at async MLBot.start (E:\Dev\bot-screaping-mercadolivre\src\scheduler.ts:71:5)
    at async main (E:\Dev\bot-screaping-mercadolivre\src\main.ts:13:3)
2026-03-10 16:28:29 [info] ════════════════════════════════════
2026-03-10 16:28:29 [info]   🛒  Mercado Livre Promo Bot v1.0  
2026-03-10 16:28:29 [info]   📲  Canal: Telegram               
2026-03-10 16:28:29 [info] ════════════════════════════════════
2026-03-10 16:28:29 [info] 🚀 ML Promo Bot iniciando...
2026-03-10 16:28:32 [error] Error: getaddrinfo ENOTFOUND base
    at E:\Dev\bot-screaping-mercadolivre\node_modules\pg-pool\index.js:45:11
    at process.processTicksAndRejections (node:internal/process/task_queues:105:5)
    at async DatabaseManager.query (E:\Dev\bot-screaping-mercadolivre\src\database\dbManager.ts:70:20)
    at async DatabaseManager.initialize (E:\Dev\bot-screaping-mercadolivre\src\database\dbManager.ts:31:5)
    at async MLBot.start (E:\Dev\bot-screaping-mercadolivre\src\scheduler.ts:71:5)
    at async main (E:\Dev\bot-screaping-mercadolivre\src\main.ts:13:3)
2026-03-10 16:32:30 [info] ════════════════════════════════════
2026-03-10 16:32:30 [info]   🛒  Mercado Livre Promo Bot v1.0  
2026-03-10 16:32:30 [info]   📲  Canal: Telegram               
2026-03-10 16:32:30 [info] ════════════════════════════════════
2026-03-10 16:32:30 [info] 🚀 ML Promo Bot iniciando...
2026-03-10 16:32:30 [error] Error: Connection terminated unexpectedly
    at E:\Dev\bot-screaping-mercadolivre\node_modules\pg-pool\index.js:45:11
    at process.processTicksAndRejections (node:internal/process/task_queues:105:5)
    at async DatabaseManager.query (E:\Dev\bot-screaping-mercadolivre\src\database\dbManager.ts:70:20)
    at async DatabaseManager.initialize (E:\Dev\bot-screaping-mercadolivre\src\database\dbManager.ts:31:5)
    at async MLBot.start (E:\Dev\bot-screaping-mercadolivre\src\scheduler.ts:71:5)
    at async main (E:\Dev\bot-screaping-mercadolivre\src\main.ts:13:3)
2026-03-10 16:33:12 [info] ════════════════════════════════════
2026-03-10 16:33:12 [info]   🛒  Mercado Livre Promo Bot v1.0  
2026-03-10 16:33:12 [info]   📲  Canal: Telegram               
2026-03-10 16:33:12 [info] ════════════════════════════════════
2026-03-10 16:33:12 [info] 🚀 ML Promo Bot iniciando...
2026-03-10 16:33:12 [error] Error: Connection terminated unexpectedly
    at E:\Dev\bot-screaping-mercadolivre\node_modules\pg-pool\index.js:45:11
    at process.processTicksAndRejections (node:internal/process/task_queues:105:5)
    at async DatabaseManager.query (E:\Dev\bot-screaping-mercadolivre\src\database\dbManager.ts:70:20)
    at async DatabaseManager.initialize (E:\Dev\bot-screaping-mercadolivre\src\database\dbManager.ts:31:5)
    at async MLBot.start (E:\Dev\bot-screaping-mercadolivre\src\scheduler.ts:71:5)
    at async main (E:\Dev\bot-screaping-mercadolivre\src\main.ts:13:3)
2026-03-10 16:38:16 [info] ════════════════════════════════════
2026-03-10 16:38:16 [info]   🛒  Mercado Livre Promo Bot v1.0  
2026-03-10 16:38:16 [info]   📲  Canal: Telegram               
2026-03-10 16:38:16 [info] ════════════════════════════════════
2026-03-10 16:38:16 [info] 🚀 ML Promo Bot iniciando...
2026-03-10 16:38:17 [info] ✅ Banco de dados (PostgreSQL) inicializado.
2026-03-10 16:38:17 [info] [Telegram ML] Bot iniciado.
2026-03-10 16:38:17 [info] 🔄 [ML] Iniciando ciclo...
2026-03-10 16:38:17 [error] ML API tentativa 1/3 [/sites/MLB/search]: Error: getaddrinfo ENOTFOUND api.mercadolivre.com
2026-03-10 16:38:19 [error] ML API tentativa 2/3 [/sites/MLB/search]: Error: getaddrinfo ENOTFOUND api.mercadolivre.com
2026-03-10 16:38:23 [error] ML API tentativa 3/3 [/sites/MLB/search]: Error: getaddrinfo ENOTFOUND api.mercadolivre.com
2026-03-10 16:38:23 [error] ML API tentativa 1/3 [/sites/MLB/search]: Error: getaddrinfo ENOTFOUND api.mercadolivre.com
2026-03-10 16:38:25 [error] ML API tentativa 2/3 [/sites/MLB/search]: Error: getaddrinfo ENOTFOUND api.mercadolivre.com
2026-03-10 16:38:29 [error] ML API tentativa 3/3 [/sites/MLB/search]: Error: getaddrinfo ENOTFOUND api.mercadolivre.com
2026-03-10 16:38:29 [info] ML lightning deals: 0 itens
2026-03-10 16:38:29 [info] Total ML único: 0 produtos
2026-03-10 16:38:29 [error] ML API tentativa 1/3 [/sites/MLB/search]: Error: getaddrinfo ENOTFOUND api.mercadolivre.com
2026-03-10 16:38:31 [error] ML API tentativa 2/3 [/sites/MLB/search]: Error: getaddrinfo ENOTFOUND api.mercadolivre.com
2026-03-10 16:38:35 [error] ML API tentativa 3/3 [/sites/MLB/search]: Error: getaddrinfo ENOTFOUND api.mercadolivre.com
2026-03-10 16:38:35 [error] ML API tentativa 1/3 [/sites/MLB/search]: Error: getaddrinfo ENOTFOUND api.mercadolivre.com
2026-03-10 16:38:37 [error] ML API tentativa 2/3 [/sites/MLB/search]: Error: getaddrinfo ENOTFOUND api.mercadolivre.com
2026-03-10 16:38:41 [error] ML API tentativa 3/3 [/sites/MLB/search]: Error: getaddrinfo ENOTFOUND api.mercadolivre.com
2026-03-10 16:38:41 [info] ML lightning deals: 0 itens
2026-03-10 16:38:41 [info] Total ML único: 0 produtos
2026-03-10 16:38:41 [error] ML API tentativa 1/3 [/sites/MLB/search]: Error: getaddrinfo ENOTFOUND api.mercadolivre.com
2026-03-10 16:38:43 [error] ML API tentativa 2/3 [/sites/MLB/search]: Error: getaddrinfo ENOTFOUND api.mercadolivre.com
2026-03-10 16:38:47 [error] ML API tentativa 3/3 [/sites/MLB/search]: Error: getaddrinfo ENOTFOUND api.mercadolivre.com
2026-03-10 16:38:47 [error] ML API tentativa 1/3 [/sites/MLB/search]: Error: getaddrinfo ENOTFOUND api.mercadolivre.com
2026-03-10 16:38:49 [error] ML API tentativa 2/3 [/sites/MLB/search]: Error: getaddrinfo ENOTFOUND api.mercadolivre.com
2026-03-10 16:38:53 [error] ML API tentativa 3/3 [/sites/MLB/search]: Error: getaddrinfo ENOTFOUND api.mercadolivre.com
2026-03-10 16:38:53 [info] ML lightning deals: 0 itens
2026-03-10 16:38:53 [info] Total ML único: 0 produtos
2026-03-10 16:38:53 [error] ML API tentativa 1/3 [/sites/MLB/search]: Error: getaddrinfo ENOTFOUND api.mercadolivre.com
2026-03-10 16:38:55 [error] ML API tentativa 2/3 [/sites/MLB/search]: Error: getaddrinfo ENOTFOUND api.mercadolivre.com
2026-03-10 16:38:59 [error] ML API tentativa 3/3 [/sites/MLB/search]: Error: getaddrinfo ENOTFOUND api.mercadolivre.com
2026-03-10 16:38:59 [error] ML API tentativa 1/3 [/sites/MLB/search]: Error: getaddrinfo ENOTFOUND api.mercadolivre.com
2026-03-10 16:39:01 [error] ML API tentativa 2/3 [/sites/MLB/search]: Error: getaddrinfo ENOTFOUND api.mercadolivre.com
2026-03-10 16:39:05 [error] ML API tentativa 3/3 [/sites/MLB/search]: Error: getaddrinfo ENOTFOUND api.mercadolivre.com
2026-03-10 16:39:05 [info] ML lightning deals: 0 itens
2026-03-10 16:39:05 [info] Total ML único: 0 produtos
2026-03-10 16:39:05 [error] ML API tentativa 1/3 [/sites/MLB/search]: Error: getaddrinfo ENOTFOUND api.mercadolivre.com
2026-03-10 16:40:11 [info] ════════════════════════════════════
2026-03-10 16:40:11 [info]   🛒  Mercado Livre Promo Bot v1.0  
2026-03-10 16:40:11 [info]   📲  Canal: Telegram               
2026-03-10 16:40:11 [info] ════════════════════════════════════
2026-03-10 16:40:11 [info] 🚀 ML Promo Bot iniciando...
2026-03-10 16:40:11 [info] ✅ Banco de dados (PostgreSQL) inicializado.
2026-03-10 16:40:11 [info] [Telegram ML] Bot iniciado.
2026-03-10 16:40:11 [info] 🔄 [ML] Iniciando ciclo...
2026-03-10 16:40:11 [error] ML API tentativa 1/3 [/sites/MLB/search]: TypeError: Invalid URL
2026-03-10 16:40:13 [error] ML API tentativa 2/3 [/sites/MLB/search]: TypeError: Invalid URL
2026-03-10 16:40:17 [error] ML API tentativa 3/3 [/sites/MLB/search]: TypeError: Invalid URL
2026-03-10 16:40:17 [error] ML API tentativa 1/3 [/sites/MLB/search]: TypeError: Invalid URL
2026-03-10 16:40:19 [error] ML API tentativa 2/3 [/sites/MLB/search]: TypeError: Invalid URL
2026-03-10 16:40:23 [error] ML API tentativa 3/3 [/sites/MLB/search]: TypeError: Invalid URL
2026-03-10 16:40:23 [info] ML lightning deals: 0 itens
2026-03-10 16:40:23 [info] Total ML único: 0 produtos
2026-03-10 16:40:23 [error] ML API tentativa 1/3 [/sites/MLB/search]: TypeError: Invalid URL
2026-03-10 16:40:25 [error] ML API tentativa 2/3 [/sites/MLB/search]: TypeError: Invalid URL
2026-03-10 16:40:29 [error] ML API tentativa 3/3 [/sites/MLB/search]: TypeError: Invalid URL
2026-03-10 16:40:29 [error] ML API tentativa 1/3 [/sites/MLB/search]: TypeError: Invalid URL
2026-03-10 16:40:31 [error] ML API tentativa 2/3 [/sites/MLB/search]: TypeError: Invalid URL
2026-03-10 16:40:35 [error] ML API tentativa 3/3 [/sites/MLB/search]: TypeError: Invalid URL
2026-03-10 16:40:35 [info] ML lightning deals: 0 itens
2026-03-10 16:40:35 [info] Total ML único: 0 produtos
2026-03-10 16:40:35 [error] ML API tentativa 1/3 [/sites/MLB/search]: TypeError: Invalid URL
2026-03-10 16:40:37 [error] ML API tentativa 2/3 [/sites/MLB/search]: TypeError: Invalid URL
2026-03-10 17:49:54 [error] ML API tentativa 1/3 [/sites/MLB/search]: TypeError: Invalid URL
2026-03-10 17:49:56 [error] ML API tentativa 2/3 [/sites/MLB/search]: TypeError: Invalid URL
2026-03-10 17:50:00 [error] ML API tentativa 3/3 [/sites/MLB/search]: TypeError: Invalid URL
